[debug] [2025-08-12T11:06:54.822Z] ----------------------------------------------------------------------
[debug] [2025-08-12T11:06:54.824Z] Command:       C:\Program Files\nodejs\node.exe C:\Users\Mdpma\AppData\Roaming\npm\node_modules\firebase-tools\lib\bin\firebase.js deploy --only functions
[debug] [2025-08-12T11:06:54.825Z] CLI Version:   14.12.0
[debug] [2025-08-12T11:06:54.825Z] Platform:      win32
[debug] [2025-08-12T11:06:54.825Z] Node Version:  v20.11.0
[debug] [2025-08-12T11:06:54.825Z] Time:          Tue Aug 12 2025 13:06:54 GMT+0200 (South Africa Standard Time)
[debug] [2025-08-12T11:06:54.825Z] ----------------------------------------------------------------------
[debug] 
[debug] [2025-08-12T11:06:55.284Z] Object "/functions" in "firebase.json" has unknown property: {"additionalProperty":"platform"}
[debug] [2025-08-12T11:06:55.284Z] Field "/functions" in "firebase.json" is possibly invalid: must be array
[debug] [2025-08-12T11:06:55.284Z] Field "/functions" in "firebase.json" is possibly invalid: must match a schema in anyOf
[debug] [2025-08-12T11:06:55.288Z] > command requires scopes: ["email","openid","https://www.googleapis.com/auth/cloudplatformprojects.readonly","https://www.googleapis.com/auth/firebase","https://www.googleapis.com/auth/cloud-platform"]
[debug] [2025-08-12T11:06:55.289Z] > authorizing via signed-in user (221326@virtualwindow.co.za)
[debug] [2025-08-12T11:06:55.289Z] [iam] checking project motherland-coffee for permissions ["cloudfunctions.functions.create","cloudfunctions.functions.delete","cloudfunctions.functions.get","cloudfunctions.functions.list","cloudfunctions.functions.update","cloudfunctions.operations.get","firebase.projects.get"]
[debug] [2025-08-12T11:06:55.290Z] Checked if tokens are valid: true, expires at: 1755000184752
[debug] [2025-08-12T11:06:55.290Z] Checked if tokens are valid: true, expires at: 1755000184752
[debug] [2025-08-12T11:06:55.292Z] >>> [apiv2][query] POST https://cloudresourcemanager.googleapis.com/v1/projects/motherland-coffee:testIamPermissions [none]
[debug] [2025-08-12T11:06:55.292Z] >>> [apiv2][(partial)header] POST https://cloudresourcemanager.googleapis.com/v1/projects/motherland-coffee:testIamPermissions x-goog-quota-user=projects/motherland-coffee
[debug] [2025-08-12T11:06:55.292Z] >>> [apiv2][body] POST https://cloudresourcemanager.googleapis.com/v1/projects/motherland-coffee:testIamPermissions {"permissions":["cloudfunctions.functions.create","cloudfunctions.functions.delete","cloudfunctions.functions.get","cloudfunctions.functions.list","cloudfunctions.functions.update","cloudfunctions.operations.get","firebase.projects.get"]}
[debug] [2025-08-12T11:06:57.030Z] <<< [apiv2][status] POST https://cloudresourcemanager.googleapis.com/v1/projects/motherland-coffee:testIamPermissions 200
[debug] [2025-08-12T11:06:57.030Z] <<< [apiv2][body] POST https://cloudresourcemanager.googleapis.com/v1/projects/motherland-coffee:testIamPermissions {"permissions":["cloudfunctions.functions.create","cloudfunctions.functions.delete","cloudfunctions.functions.get","cloudfunctions.functions.list","cloudfunctions.functions.update","cloudfunctions.operations.get","firebase.projects.get"]}
[debug] [2025-08-12T11:06:57.031Z] Checked if tokens are valid: true, expires at: 1755000184752
[debug] [2025-08-12T11:06:57.031Z] Checked if tokens are valid: true, expires at: 1755000184752
[debug] [2025-08-12T11:06:57.031Z] >>> [apiv2][query] POST https://iam.googleapis.com/v1/projects/motherland-coffee/serviceAccounts/motherland-coffee@appspot.gserviceaccount.com:testIamPermissions [none]
[debug] [2025-08-12T11:06:57.031Z] >>> [apiv2][body] POST https://iam.googleapis.com/v1/projects/motherland-coffee/serviceAccounts/motherland-coffee@appspot.gserviceaccount.com:testIamPermissions {"permissions":["iam.serviceAccounts.actAs"]}
[debug] [2025-08-12T11:06:58.727Z] <<< [apiv2][status] POST https://iam.googleapis.com/v1/projects/motherland-coffee/serviceAccounts/motherland-coffee@appspot.gserviceaccount.com:testIamPermissions 200
[debug] [2025-08-12T11:06:58.727Z] <<< [apiv2][body] POST https://iam.googleapis.com/v1/projects/motherland-coffee/serviceAccounts/motherland-coffee@appspot.gserviceaccount.com:testIamPermissions {"permissions":["iam.serviceAccounts.actAs"]}
[info] 
[info] === Deploying to 'motherland-coffee'...
[info] 
[info] i  deploying functions 
[debug] [2025-08-12T11:06:58.731Z] Checked if tokens are valid: true, expires at: 1755000184752
[debug] [2025-08-12T11:06:58.731Z] Checked if tokens are valid: true, expires at: 1755000184752
[debug] [2025-08-12T11:06:58.731Z] >>> [apiv2][query] GET https://cloudresourcemanager.googleapis.com/v1/projects/motherland-coffee [none]
[debug] [2025-08-12T11:06:59.045Z] <<< [apiv2][status] GET https://cloudresourcemanager.googleapis.com/v1/projects/motherland-coffee 200
[debug] [2025-08-12T11:06:59.046Z] <<< [apiv2][body] GET https://cloudresourcemanager.googleapis.com/v1/projects/motherland-coffee {"projectNumber":"590486100853","projectId":"motherland-coffee","lifecycleState":"ACTIVE","name":"Motherland Coffee","labels":{"firebase":"enabled","firebase-core":"disabled"},"createTime":"2025-08-08T13:39:51.521384Z","parent":{"type":"organization","id":"302473745500"}}
[info] i  functions: preparing codebase default for deployment 
[info] i  functions: ensuring required API cloudfunctions.googleapis.com is enabled... 
[info] i  functions: ensuring required API cloudbuild.googleapis.com is enabled... 
[info] i  artifactregistry: ensuring required API artifactregistry.googleapis.com is enabled... 
[debug] [2025-08-12T11:06:59.049Z] Checked if tokens are valid: true, expires at: 1755000184752
[debug] [2025-08-12T11:06:59.049Z] Checked if tokens are valid: true, expires at: 1755000184752
[debug] [2025-08-12T11:06:59.049Z] >>> [apiv2][query] GET https://firebase.googleapis.com/v1beta1/projects/motherland-coffee/adminSdkConfig [none]
[debug] [2025-08-12T11:06:59.779Z] <<< [apiv2][status] GET https://firebase.googleapis.com/v1beta1/projects/motherland-coffee/adminSdkConfig 200
[debug] [2025-08-12T11:06:59.779Z] <<< [apiv2][body] GET https://firebase.googleapis.com/v1beta1/projects/motherland-coffee/adminSdkConfig {"projectId":"motherland-coffee","storageBucket":"motherland-coffee.firebasestorage.app"}
[debug] [2025-08-12T11:06:59.779Z] Checked if tokens are valid: true, expires at: 1755000184752
[debug] [2025-08-12T11:06:59.780Z] Checked if tokens are valid: true, expires at: 1755000184752
[debug] [2025-08-12T11:06:59.780Z] >>> [apiv2][query] GET https://runtimeconfig.googleapis.com/v1beta1/projects/motherland-coffee/configs [none]
[debug] [2025-08-12T11:07:00.354Z] <<< [apiv2][status] GET https://runtimeconfig.googleapis.com/v1beta1/projects/motherland-coffee/configs 200
[debug] [2025-08-12T11:07:00.354Z] <<< [apiv2][body] GET https://runtimeconfig.googleapis.com/v1beta1/projects/motherland-coffee/configs {"configs":[{"name":"projects/motherland-coffee/configs/sendgrid"}]}
[debug] [2025-08-12T11:07:00.357Z] Checked if tokens are valid: true, expires at: 1755000184752
[debug] [2025-08-12T11:07:00.357Z] Checked if tokens are valid: true, expires at: 1755000184752
[debug] [2025-08-12T11:07:00.357Z] >>> [apiv2][query] GET https://runtimeconfig.googleapis.com/v1beta1/projects/motherland-coffee/configs/sendgrid/variables [none]
[debug] [2025-08-12T11:07:00.829Z] <<< [apiv2][status] GET https://runtimeconfig.googleapis.com/v1beta1/projects/motherland-coffee/configs/sendgrid/variables 200
[debug] [2025-08-12T11:07:00.829Z] <<< [apiv2][body] GET https://runtimeconfig.googleapis.com/v1beta1/projects/motherland-coffee/configs/sendgrid/variables {"variables":[{"name":"projects/motherland-coffee/configs/sendgrid/variables/key","updateTime":"2025-08-10T19:06:38.918540093Z"}]}
[debug] [2025-08-12T11:07:00.830Z] Checked if tokens are valid: true, expires at: 1755000184752
[debug] [2025-08-12T11:07:00.830Z] Checked if tokens are valid: true, expires at: 1755000184752
[debug] [2025-08-12T11:07:00.830Z] >>> [apiv2][query] GET https://runtimeconfig.googleapis.com/v1beta1/projects/motherland-coffee/configs/sendgrid/variables/key [none]
[debug] [2025-08-12T11:07:01.209Z] <<< [apiv2][status] GET https://runtimeconfig.googleapis.com/v1beta1/projects/motherland-coffee/configs/sendgrid/variables/key 200
[debug] [2025-08-12T11:07:01.209Z] <<< [apiv2][body] GET https://runtimeconfig.googleapis.com/v1beta1/projects/motherland-coffee/configs/sendgrid/variables/key {"name":"projects/motherland-coffee/configs/sendgrid/variables/key","updateTime":"2025-08-10T19:06:38.918540093Z","text":"Msv0kaA1GHNyVrOwZuvBIToCAd9pLCVu"}
[debug] [2025-08-12T11:07:01.210Z] Validating nodejs source
[warn] !  functions: Runtime Node.js 18 was deprecated on 2025-04-30 and will be decommissioned on 2025-10-30, after which you will not be able to deploy without upgrading. Consider upgrading now to avoid disruption. See https://cloud.google.com/functions/docs/runtime-support for full details on the lifecycle policy 
[debug] [2025-08-12T11:07:03.506Z] > [functions] package.json contents: {
  "name": "functions",
  "description": "Cloud Functions for Firebase",
  "scripts": {
    "serve": "firebase emulators:start --only functions",
    "shell": "firebase functions:shell",
    "start": "npm run shell",
    "deploy": "firebase deploy --only functions",
    "logs": "firebase functions:log"
  },
  "engines": {
    "node": "18"
  },
  "main": "index.js",
  "dependencies": {
    "18": "^0.0.0",
    "firebase-admin": "^11.10.1",
    "firebase-functions": "^6.4.0",
    "nodemailer": "^7.0.5"
  },
  "devDependencies": {
    "firebase-functions-test": "^3.1.0"
  },
  "private": true
}
[debug] [2025-08-12T11:07:03.507Z] Building nodejs source
[info] i  functions: Loading and analyzing source code for codebase default to determine what to deploy 
[debug] [2025-08-12T11:07:03.508Z] Could not find functions.yaml. Must use http discovery
[debug] [2025-08-12T11:07:03.516Z] Found firebase-functions binary at 'C:\Users\Mdpma\Documents\Open Window\2025\Developtment\Motherland_Coffee\motherland-coffee\functions\node_modules\.bin\firebase-functions'
[info] Serving at port 8345

[debug] [2025-08-12T11:07:04.982Z] Got response from /__/functions.yaml {"endpoints":{"sendStickerEmail":{"availableMemoryMb":null,"timeoutSeconds":null,"minInstances":null,"maxInstances":null,"ingressSettings":null,"concurrency":null,"serviceAccountEmail":null,"vpc":null,"platform":"gcfv2","labels":{},"callableTrigger":{},"entryPoint":"sendStickerEmail"}},"specVersion":"v1alpha1","requiredAPIs":[],"extensions":{}}
[info] i  extensions: ensuring required API firebaseextensions.googleapis.com is enabled... 
[debug] [2025-08-12T11:07:10.010Z] > command requires scopes: ["email","openid","https://www.googleapis.com/auth/cloudplatformprojects.readonly","https://www.googleapis.com/auth/firebase","https://www.googleapis.com/auth/cloud-platform"]
[debug] [2025-08-12T11:07:10.010Z] > authorizing via signed-in user (221326@virtualwindow.co.za)
[debug] [2025-08-12T11:07:10.010Z] [iam] checking project motherland-coffee for permissions ["firebase.projects.get","firebaseextensions.instances.list"]
[debug] [2025-08-12T11:07:10.010Z] Checked if tokens are valid: true, expires at: 1755000184752
[debug] [2025-08-12T11:07:10.010Z] Checked if tokens are valid: true, expires at: 1755000184752
[debug] [2025-08-12T11:07:10.011Z] >>> [apiv2][query] POST https://cloudresourcemanager.googleapis.com/v1/projects/motherland-coffee:testIamPermissions [none]
[debug] [2025-08-12T11:07:10.011Z] >>> [apiv2][(partial)header] POST https://cloudresourcemanager.googleapis.com/v1/projects/motherland-coffee:testIamPermissions x-goog-quota-user=projects/motherland-coffee
[debug] [2025-08-12T11:07:10.011Z] >>> [apiv2][body] POST https://cloudresourcemanager.googleapis.com/v1/projects/motherland-coffee:testIamPermissions {"permissions":["firebase.projects.get","firebaseextensions.instances.list"]}
[debug] [2025-08-12T11:07:11.667Z] <<< [apiv2][status] POST https://cloudresourcemanager.googleapis.com/v1/projects/motherland-coffee:testIamPermissions 200
[debug] [2025-08-12T11:07:11.667Z] <<< [apiv2][body] POST https://cloudresourcemanager.googleapis.com/v1/projects/motherland-coffee:testIamPermissions {"permissions":["firebase.projects.get","firebaseextensions.instances.list"]}
[debug] [2025-08-12T11:07:11.667Z] Checked if tokens are valid: true, expires at: 1755000184752
[debug] [2025-08-12T11:07:11.667Z] Checked if tokens are valid: true, expires at: 1755000184752
[debug] [2025-08-12T11:07:11.669Z] >>> [apiv2][query] GET https://firebaseextensions.googleapis.com/v1beta/projects/motherland-coffee/instances pageSize=100&pageToken=
[debug] [2025-08-12T11:07:13.620Z] <<< [apiv2][status] GET https://firebaseextensions.googleapis.com/v1beta/projects/motherland-coffee/instances 200
[debug] [2025-08-12T11:07:13.620Z] <<< [apiv2][body] GET https://firebaseextensions.googleapis.com/v1beta/projects/motherland-coffee/instances {}
[info] i  functions: preparing functions directory for uploading... 
[info] i  functions: packaged C:\Users\Mdpma\Documents\Open Window\2025\Developtment\Motherland_Coffee\motherland-coffee\functions (71.14 KB) for uploading 
[debug] [2025-08-12T11:07:13.668Z] Checked if tokens are valid: true, expires at: 1755000184752
[debug] [2025-08-12T11:07:13.669Z] Checked if tokens are valid: true, expires at: 1755000184752
[debug] [2025-08-12T11:07:13.669Z] >>> [apiv2][query] GET https://cloudfunctions.googleapis.com/v1/projects/motherland-coffee/locations/-/functions [none]
[debug] [2025-08-12T11:07:14.783Z] <<< [apiv2][status] GET https://cloudfunctions.googleapis.com/v1/projects/motherland-coffee/locations/-/functions 200
[debug] [2025-08-12T11:07:14.783Z] <<< [apiv2][body] GET https://cloudfunctions.googleapis.com/v1/projects/motherland-coffee/locations/-/functions {}
[debug] [2025-08-12T11:07:14.784Z] Checked if tokens are valid: true, expires at: 1755000184752
[debug] [2025-08-12T11:07:14.784Z] Checked if tokens are valid: true, expires at: 1755000184752
[debug] [2025-08-12T11:07:14.784Z] >>> [apiv2][query] GET https://cloudfunctions.googleapis.com/v2/projects/motherland-coffee/locations/-/functions filter=environment%3D%22GEN_2%22
[debug] [2025-08-12T11:07:16.325Z] <<< [apiv2][status] GET https://cloudfunctions.googleapis.com/v2/projects/motherland-coffee/locations/-/functions 200
[debug] [2025-08-12T11:07:16.325Z] <<< [apiv2][body] GET https://cloudfunctions.googleapis.com/v2/projects/motherland-coffee/locations/-/functions {"functions":[{"name":"projects/motherland-coffee/locations/us-central1/functions/sendStickerEmail","buildConfig":{"build":"projects/590486100853/locations/us-central1/builds/93f26f27-f953-422b-a976-030ab9b1699b","runtime":"nodejs18","entryPoint":"sendStickerEmail","source":{"storageSource":{"bucket":"gcf-v2-sources-590486100853-us-central1","object":"sendStickerEmail/function-source.zip","generation":"1754853211299751"}},"environmentVariables":{"GOOGLE_NODE_RUN_SCRIPTS":""},"dockerRepository":"projects/motherland-coffee/locations/us-central1/repositories/gcf-artifacts","serviceAccount":"projects/motherland-coffee/serviceAccounts/590486100853-compute@developer.gserviceaccount.com","automaticUpdatePolicy":{}},"serviceConfig":{"service":"projects/motherland-coffee/locations/us-central1/services/sendstickeremail","timeoutSeconds":60,"environmentVariables":{"FIREBASE_CONFIG":"{\"projectId\":\"motherland-coffee\",\"storageBucket\":\"motherland-coffee.firebasestorage.app\"}","GCLOUD_PROJECT":"motherland-coffee","EVENTARC_CLOUD_EVENT_SOURCE":"projects/motherland-coffee/locations/us-central1/services/sendStickerEmail","FUNCTION_TARGET":"sendStickerEmail","LOG_EXECUTION_ID":"true"},"maxInstanceCount":20,"ingressSettings":"ALLOW_ALL","serviceAccountEmail":"590486100853-compute@developer.gserviceaccount.com","availableMemory":"256Mi","allTrafficOnLatestRevision":true,"revision":"sendstickeremail-00001-huc","maxInstanceRequestConcurrency":80,"availableCpu":"1"},"state":"ACTIVE","updateTime":"2025-08-10T19:14:41.391050251Z","labels":{"deployment-callable":"true","firebase-functions-hash":"06e753e9d8fc1921f870d843ed82eb2bdbf0be0b","deployment-tool":"cli-firebase"},"environment":"GEN_2","url":"https://us-central1-motherland-coffee.cloudfunctions.net/sendStickerEmail","createTime":"2025-08-10T19:07:29.261259983Z","satisfiesPzi":true}]}
[info] i  functions: ensuring required API run.googleapis.com is enabled... 
[info] i  functions: ensuring required API eventarc.googleapis.com is enabled... 
[info] i  functions: ensuring required API pubsub.googleapis.com is enabled... 
[info] i  functions: ensuring required API storage.googleapis.com is enabled... 
[info] i  functions: generating the service identity for pubsub.googleapis.com... 
[debug] [2025-08-12T11:07:16.331Z] Checked if tokens are valid: true, expires at: 1755000184752
[debug] [2025-08-12T11:07:16.331Z] Checked if tokens are valid: true, expires at: 1755000184752
[info] i  functions: generating the service identity for eventarc.googleapis.com... 
[debug] [2025-08-12T11:07:16.331Z] Checked if tokens are valid: true, expires at: 1755000184752
[debug] [2025-08-12T11:07:16.331Z] Checked if tokens are valid: true, expires at: 1755000184752
[debug] [2025-08-12T11:07:16.331Z] >>> [apiv2][query] POST https://serviceusage.googleapis.com/v1beta1/projects/590486100853/services/pubsub.googleapis.com:generateServiceIdentity [none]
[debug] [2025-08-12T11:07:16.331Z] >>> [apiv2][(partial)header] POST https://serviceusage.googleapis.com/v1beta1/projects/590486100853/services/pubsub.googleapis.com:generateServiceIdentity x-goog-quota-user=projects/590486100853
[debug] [2025-08-12T11:07:16.331Z] >>> [apiv2][body] POST https://serviceusage.googleapis.com/v1beta1/projects/590486100853/services/pubsub.googleapis.com:generateServiceIdentity {}
[debug] [2025-08-12T11:07:16.333Z] >>> [apiv2][query] POST https://serviceusage.googleapis.com/v1beta1/projects/590486100853/services/eventarc.googleapis.com:generateServiceIdentity [none]
[debug] [2025-08-12T11:07:16.333Z] >>> [apiv2][(partial)header] POST https://serviceusage.googleapis.com/v1beta1/projects/590486100853/services/eventarc.googleapis.com:generateServiceIdentity x-goog-quota-user=projects/590486100853
[debug] [2025-08-12T11:07:16.333Z] >>> [apiv2][body] POST https://serviceusage.googleapis.com/v1beta1/projects/590486100853/services/eventarc.googleapis.com:generateServiceIdentity {}
[debug] [2025-08-12T11:07:18.288Z] <<< [apiv2][status] POST https://serviceusage.googleapis.com/v1beta1/projects/590486100853/services/eventarc.googleapis.com:generateServiceIdentity 200
[debug] [2025-08-12T11:07:18.288Z] <<< [apiv2][body] POST https://serviceusage.googleapis.com/v1beta1/projects/590486100853/services/eventarc.googleapis.com:generateServiceIdentity {"name":"operations/finished.DONE_OPERATION","done":true,"response":{"@type":"type.googleapis.com/google.api.serviceusage.v1beta1.ServiceIdentity","email":"service-590486100853@gcp-sa-eventarc.iam.gserviceaccount.com","uniqueId":"111654260436173310922"}}
[debug] [2025-08-12T11:07:18.289Z] <<< [apiv2][status] POST https://serviceusage.googleapis.com/v1beta1/projects/590486100853/services/pubsub.googleapis.com:generateServiceIdentity 200
[debug] [2025-08-12T11:07:18.289Z] <<< [apiv2][body] POST https://serviceusage.googleapis.com/v1beta1/projects/590486100853/services/pubsub.googleapis.com:generateServiceIdentity {"name":"operations/finished.DONE_OPERATION","done":true,"response":{"@type":"type.googleapis.com/google.api.serviceusage.v1beta1.ServiceIdentity","email":"service-590486100853@gcp-sa-pubsub.iam.gserviceaccount.com","uniqueId":"116678296540776215498"}}
[debug] [2025-08-12T11:07:18.290Z] Checked if tokens are valid: true, expires at: 1755000184752
[debug] [2025-08-12T11:07:18.290Z] Checked if tokens are valid: true, expires at: 1755000184752
[debug] [2025-08-12T11:07:18.290Z] >>> [apiv2][query] GET https://cloudresourcemanager.googleapis.com/v1/projects/motherland-coffee [none]
[debug] [2025-08-12T11:07:19.966Z] <<< [apiv2][status] GET https://cloudresourcemanager.googleapis.com/v1/projects/motherland-coffee 200
[debug] [2025-08-12T11:07:19.966Z] <<< [apiv2][body] GET https://cloudresourcemanager.googleapis.com/v1/projects/motherland-coffee {"projectNumber":"590486100853","projectId":"motherland-coffee","lifecycleState":"ACTIVE","name":"Motherland Coffee","labels":{"firebase":"enabled","firebase-core":"disabled"},"createTime":"2025-08-08T13:39:51.521384Z","parent":{"type":"organization","id":"302473745500"}}
[debug] [2025-08-12T11:07:19.966Z] Checked if tokens are valid: true, expires at: 1755000184752
[debug] [2025-08-12T11:07:19.966Z] Checked if tokens are valid: true, expires at: 1755000184752
[debug] [2025-08-12T11:07:19.966Z] >>> [apiv2][query] GET https://compute.googleapis.com/compute/v1/projects/590486100853 [none]
[debug] [2025-08-12T11:07:20.668Z] <<< [apiv2][status] GET https://compute.googleapis.com/compute/v1/projects/590486100853 403
[debug] [2025-08-12T11:07:20.668Z] <<< [apiv2][body] GET https://compute.googleapis.com/compute/v1/projects/590486100853 {"error":{"code":403,"message":"Compute Engine API has not been used in project 590486100853 before or it is disabled. Enable it by visiting https://console.developers.google.com/apis/api/compute.googleapis.com/overview?project=590486100853 then retry. If you enabled this API recently, wait a few minutes for the action to propagate to our systems and retry.","errors":[{"message":"Compute Engine API has not been used in project 590486100853 before or it is disabled. Enable it by visiting https://console.developers.google.com/apis/api/compute.googleapis.com/overview?project=590486100853 then retry. If you enabled this API recently, wait a few minutes for the action to propagate to our systems and retry.","domain":"usageLimits","reason":"accessNotConfigured","extendedHelp":"https://console.developers.google.com"}],"status":"PERMISSION_DENIED","details":[{"@type":"type.googleapis.com/google.rpc.ErrorInfo","reason":"SERVICE_DISABLED","domain":"googleapis.com","metadata":{"activationUrl":"https://console.developers.google.com/apis/api/compute.googleapis.com/overview?project=590486100853","consumer":"projects/590486100853","containerInfo":"590486100853","service":"compute.googleapis.com","serviceTitle":"Compute Engine API"}},{"@type":"type.googleapis.com/google.rpc.LocalizedMessage","locale":"en-US","message":"Compute Engine API has not been used in project 590486100853 before or it is disabled. Enable it by visiting https://console.developers.google.com/apis/api/compute.googleapis.com/overview?project=590486100853 then retry. If you enabled this API recently, wait a few minutes for the action to propagate to our systems and retry."},{"@type":"type.googleapis.com/google.rpc.Help","links":[{"description":"Google developers console API activation","url":"https://console.developers.google.com/apis/api/compute.googleapis.com/overview?project=590486100853"}]}]}}
[debug] [2025-08-12T11:07:20.669Z] unable to look up default compute service account. Falling back to 590486100853-compute@developer.gserviceaccount.com. Error: {"name":"FirebaseError","children":[],"context":{"body":{"error":{"code":403,"message":"Compute Engine API has not been used in project 590486100853 before or it is disabled. Enable it by visiting https://console.developers.google.com/apis/api/compute.googleapis.com/overview?project=590486100853 then retry. If you enabled this API recently, wait a few minutes for the action to propagate to our systems and retry.","errors":[{"message":"Compute Engine API has not been used in project 590486100853 before or it is disabled. Enable it by visiting https://console.developers.google.com/apis/api/compute.googleapis.com/overview?project=590486100853 then retry. If you enabled this API recently, wait a few minutes for the action to propagate to our systems and retry.","domain":"usageLimits","reason":"accessNotConfigured","extendedHelp":"https://console.developers.google.com"}],"status":"PERMISSION_DENIED","details":[{"@type":"type.googleapis.com/google.rpc.ErrorInfo","reason":"SERVICE_DISABLED","domain":"googleapis.com","metadata":{"activationUrl":"https://console.developers.google.com/apis/api/compute.googleapis.com/overview?project=590486100853","consumer":"projects/590486100853","containerInfo":"590486100853","service":"compute.googleapis.com","serviceTitle":"Compute Engine API"}},{"@type":"type.googleapis.com/google.rpc.LocalizedMessage","locale":"en-US","message":"Compute Engine API has not been used in project 590486100853 before or it is disabled. Enable it by visiting https://console.developers.google.com/apis/api/compute.googleapis.com/overview?project=590486100853 then retry. If you enabled this API recently, wait a few minutes for the action to propagate to our systems and retry."},{"@type":"type.googleapis.com/google.rpc.Help","links":[{"description":"Google developers console API activation","url":"https://console.developers.google.com/apis/api/compute.googleapis.com/overview?project=590486100853"}]}]}},"response":{"statusCode":403}},"exit":1,"message":"Request to https://compute.googleapis.com/compute/v1/projects/590486100853 had HTTP Error: 403, Compute Engine API has not been used in project 590486100853 before or it is disabled. Enable it by visiting https://console.developers.google.com/apis/api/compute.googleapis.com/overview?project=590486100853 then retry. If you enabled this API recently, wait a few minutes for the action to propagate to our systems and retry.","status":403}
[debug] [2025-08-12T11:07:20.670Z] Checked if tokens are valid: true, expires at: 1755000184752
[debug] [2025-08-12T11:07:20.670Z] Checked if tokens are valid: true, expires at: 1755000184752
[debug] [2025-08-12T11:07:20.670Z] >>> [apiv2][query] GET https://cloudbilling.googleapis.com/v1/projects/motherland-coffee/billingInfo [none]
[debug] [2025-08-12T11:07:21.418Z] <<< [apiv2][status] GET https://cloudbilling.googleapis.com/v1/projects/motherland-coffee/billingInfo 200
[debug] [2025-08-12T11:07:21.418Z] <<< [apiv2][body] GET https://cloudbilling.googleapis.com/v1/projects/motherland-coffee/billingInfo {"name":"projects/motherland-coffee/billingInfo","projectId":"motherland-coffee","billingAccountName":"billingAccounts/01AD64-52B4BF-AEE3ED","billingEnabled":true}
[debug] [2025-08-12T11:07:21.419Z] Checked if tokens are valid: true, expires at: 1755000184752
[debug] [2025-08-12T11:07:21.420Z] Checked if tokens are valid: true, expires at: 1755000184752
[debug] [2025-08-12T11:07:21.420Z] >>> [apiv2][query] POST https://cloudfunctions.googleapis.com/v2/projects/motherland-coffee/locations/us-central1/functions:generateUploadUrl [none]
[debug] [2025-08-12T11:07:22.585Z] <<< [apiv2][status] POST https://cloudfunctions.googleapis.com/v2/projects/motherland-coffee/locations/us-central1/functions:generateUploadUrl 200
[debug] [2025-08-12T11:07:22.585Z] <<< [apiv2][body] POST https://cloudfunctions.googleapis.com/v2/projects/motherland-coffee/locations/us-central1/functions:generateUploadUrl {"uploadUrl":"https://storage.googleapis.com/gcf-v2-uploads-590486100853.us-central1.cloudfunctions.appspot.com/ac9d2369-beed-48c1-ade5-080a74af2daa.zip?GoogleAccessId=service-590486100853@gcf-admin-robot.iam.gserviceaccount.com&Expires=1754998640&Signature=WA4%2BcULC0li5nK6ZObrr40yiKsGAAnXm5QV7ZISnbX7w01rcQJw1sDxI1vwIGS0I0HjssitNukWk5CzmmDWsjIlvIE7ClNr0YzUA4%2BcfpgrhvKh23bdYaIsOm%2F0sbRuwUO3eZIIFxuLPbluaVFFwoG8EZ6cE3TSHxhM%2BFp8neUUM7RSmrcMGDZyOsKqoCyeCDSaOBGhTR7aE18rC3lONdADNWaf8%2BdZ7HCmNJsQaqMFJhSfDdMFE%2B13pfJlS8zMTbaQdAhSbtBpZf3eO6OYQHcz3ynXunc9f1HLmEujDM0mAnSookxneJLPXMFnQFu1bsop%2BNvZDp%2FatZlCbuGuQ3w%3D%3D","storageSource":{"bucket":"gcf-v2-uploads-590486100853.us-central1.cloudfunctions.appspot.com","object":"ac9d2369-beed-48c1-ade5-080a74af2daa.zip"}}
[debug] [2025-08-12T11:07:22.586Z] >>> [apiv2][query] PUT https://storage.googleapis.com/gcf-v2-uploads-590486100853.us-central1.cloudfunctions.appspot.com/ac9d2369-beed-48c1-ade5-080a74af2daa.zip GoogleAccessId=service-590486100853%40gcf-admin-robot.iam.gserviceaccount.com&Expires=1754998640&Signature=WA4%2BcULC0li5nK6ZObrr40yiKsGAAnXm5QV7ZISnbX7w01rcQJw1sDxI1vwIGS0I0HjssitNukWk5CzmmDWsjIlvIE7ClNr0YzUA4%2BcfpgrhvKh23bdYaIsOm%2F0sbRuwUO3eZIIFxuLPbluaVFFwoG8EZ6cE3TSHxhM%2BFp8neUUM7RSmrcMGDZyOsKqoCyeCDSaOBGhTR7aE18rC3lONdADNWaf8%2BdZ7HCmNJsQaqMFJhSfDdMFE%2B13pfJlS8zMTbaQdAhSbtBpZf3eO6OYQHcz3ynXunc9f1HLmEujDM0mAnSookxneJLPXMFnQFu1bsop%2BNvZDp%2FatZlCbuGuQ3w%3D%3D
[debug] [2025-08-12T11:07:22.586Z] >>> [apiv2][body] PUT https://storage.googleapis.com/gcf-v2-uploads-590486100853.us-central1.cloudfunctions.appspot.com/ac9d2369-beed-48c1-ade5-080a74af2daa.zip [stream]
[debug] [2025-08-12T11:07:23.699Z] <<< [apiv2][status] PUT https://storage.googleapis.com/gcf-v2-uploads-590486100853.us-central1.cloudfunctions.appspot.com/ac9d2369-beed-48c1-ade5-080a74af2daa.zip 200
[debug] [2025-08-12T11:07:23.699Z] <<< [apiv2][body] PUT https://storage.googleapis.com/gcf-v2-uploads-590486100853.us-central1.cloudfunctions.appspot.com/ac9d2369-beed-48c1-ade5-080a74af2daa.zip [omitted]
[info] +  functions: functions folder uploaded successfully 
[info] i  functions: updating Node.js 18 (2nd Gen) function sendStickerEmail(us-central1)... 
[debug] [2025-08-12T11:07:23.705Z] Checked if tokens are valid: true, expires at: 1755000184752
[debug] [2025-08-12T11:07:23.705Z] Checked if tokens are valid: true, expires at: 1755000184752
[debug] [2025-08-12T11:07:23.706Z] >>> [apiv2][query] PATCH https://cloudfunctions.googleapis.com/v2/projects/motherland-coffee/locations/us-central1/functions/sendStickerEmail updateMask=name%2CbuildConfig.runtime%2CbuildConfig.entryPoint%2CbuildConfig.source.storageSource.bucket%2CbuildConfig.source.storageSource.object%2CbuildConfig.environmentVariables%2CbuildConfig.sourceToken%2CserviceConfig.environmentVariables%2CserviceConfig.ingressSettings%2CserviceConfig.timeoutSeconds%2CserviceConfig.serviceAccountEmail%2CserviceConfig.availableMemory%2CserviceConfig.minInstanceCount%2CserviceConfig.maxInstanceCount%2CserviceConfig.maxInstanceRequestConcurrency%2CserviceConfig.availableCpu%2CserviceConfig.vpcConnector%2CserviceConfig.vpcConnectorEgressSettings%2Clabels
[debug] [2025-08-12T11:07:23.706Z] >>> [apiv2][body] PATCH https://cloudfunctions.googleapis.com/v2/projects/motherland-coffee/locations/us-central1/functions/sendStickerEmail {"name":"projects/motherland-coffee/locations/us-central1/functions/sendStickerEmail","buildConfig":{"runtime":"nodejs18","entryPoint":"sendStickerEmail","source":{"storageSource":{"bucket":"gcf-v2-uploads-590486100853.us-central1.cloudfunctions.appspot.com","object":"ac9d2369-beed-48c1-ade5-080a74af2daa.zip"}},"environmentVariables":{"GOOGLE_NODE_RUN_SCRIPTS":""}},"serviceConfig":{"environmentVariables":{"FIREBASE_CONFIG":"{\"projectId\":\"motherland-coffee\",\"storageBucket\":\"motherland-coffee.firebasestorage.app\"}","GCLOUD_PROJECT":"motherland-coffee","EVENTARC_CLOUD_EVENT_SOURCE":"projects/motherland-coffee/locations/us-central1/services/sendStickerEmail","FUNCTION_TARGET":"sendStickerEmail","LOG_EXECUTION_ID":"true"},"ingressSettings":null,"timeoutSeconds":null,"serviceAccountEmail":null,"availableMemory":"256Mi","minInstanceCount":null,"maxInstanceCount":null,"maxInstanceRequestConcurrency":80,"availableCpu":"1","vpcConnector":null,"vpcConnectorEgressSettings":null},"labels":{"deployment-tool":"cli-firebase","deployment-callable":"true","firebase-functions-hash":"22ac20760bf8507688dba4f27454b158983b4944"}}
[debug] [2025-08-12T11:07:25.516Z] <<< [apiv2][status] PATCH https://cloudfunctions.googleapis.com/v2/projects/motherland-coffee/locations/us-central1/functions/sendStickerEmail 200
[debug] [2025-08-12T11:07:25.516Z] <<< [apiv2][body] PATCH https://cloudfunctions.googleapis.com/v2/projects/motherland-coffee/locations/us-central1/functions/sendStickerEmail {"name":"projects/motherland-coffee/locations/us-central1/operations/operation-1754996842928-63c290b67990f-cf1e68e4-7dfcb8de","metadata":{"@type":"type.googleapis.com/google.cloud.functions.v2.OperationMetadata","createTime":"2025-08-12T11:07:23.843320224Z","target":"projects/motherland-coffee/locations/us-central1/functions/sendStickerEmail","verb":"update","cancelRequested":false,"apiVersion":"v2"},"done":false}
[debug] [2025-08-12T11:07:25.517Z] Checked if tokens are valid: true, expires at: 1755000184752
[debug] [2025-08-12T11:07:25.517Z] Checked if tokens are valid: true, expires at: 1755000184752
[debug] [2025-08-12T11:07:25.518Z] >>> [apiv2][query] GET https://cloudfunctions.googleapis.com/v2/projects/motherland-coffee/locations/us-central1/operations/operation-1754996842928-63c290b67990f-cf1e68e4-7dfcb8de [none]
[debug] [2025-08-12T11:07:26.403Z] <<< [apiv2][status] GET https://cloudfunctions.googleapis.com/v2/projects/motherland-coffee/locations/us-central1/operations/operation-1754996842928-63c290b67990f-cf1e68e4-7dfcb8de 200
[debug] [2025-08-12T11:07:26.403Z] <<< [apiv2][body] GET https://cloudfunctions.googleapis.com/v2/projects/motherland-coffee/locations/us-central1/operations/operation-1754996842928-63c290b67990f-cf1e68e4-7dfcb8de {"name":"projects/motherland-coffee/locations/us-central1/operations/operation-1754996842928-63c290b67990f-cf1e68e4-7dfcb8de","metadata":{"@type":"type.googleapis.com/google.cloud.functions.v2.OperationMetadata","createTime":"2025-08-12T11:07:23.843320224Z","target":"projects/motherland-coffee/locations/us-central1/functions/sendStickerEmail","verb":"update","cancelRequested":false,"apiVersion":"v2","requestResource":{"@type":"type.googleapis.com/google.cloud.functions.v2.Function","name":"projects/motherland-coffee/locations/us-central1/functions/sendStickerEmail","buildConfig":{"runtime":"nodejs18","entryPoint":"sendStickerEmail","source":{"storageSource":{"bucket":"gcf-v2-sources-590486100853-us-central1","object":"sendStickerEmail/function-source.zip","generation":"1754996843771597"}},"environmentVariables":{"GOOGLE_NODE_RUN_SCRIPTS":""},"dockerRepository":"projects/motherland-coffee/locations/us-central1/repositories/gcf-artifacts","serviceAccount":"projects/motherland-coffee/serviceAccounts/590486100853-compute@developer.gserviceaccount.com","automaticUpdatePolicy":{}},"serviceConfig":{"service":"projects/motherland-coffee/locations/us-central1/services/sendstickeremail","timeoutSeconds":60,"environmentVariables":{"FIREBASE_CONFIG":"{\"projectId\":\"motherland-coffee\",\"storageBucket\":\"motherland-coffee.firebasestorage.app\"}","GCLOUD_PROJECT":"motherland-coffee","EVENTARC_CLOUD_EVENT_SOURCE":"projects/motherland-coffee/locations/us-central1/services/sendStickerEmail","FUNCTION_TARGET":"sendStickerEmail","LOG_EXECUTION_ID":"true"},"ingressSettings":"ALLOW_ALL","serviceAccountEmail":"590486100853-compute@developer.gserviceaccount.com","availableMemory":"256Mi","allTrafficOnLatestRevision":true,"revision":"sendstickeremail-00001-huc","maxInstanceRequestConcurrency":80,"availableCpu":"1"},"state":"ACTIVE","labels":{"deployment-tool":"cloudfunctions","deployment-callable":"true","firebase-functions-hash":"22ac20760bf8507688dba4f27454b158983b4944"},"environment":"GEN_2","url":"https://us-central1-motherland-coffee.cloudfunctions.net/sendStickerEmail","satisfiesPzi":true},"stages":[{"name":"BUILD","message":"Creating build","state":"IN_PROGRESS","resource":"projects/590486100853/locations/us-central1/builds/d78a906e-8a86-4089-9142-c3d33dc5a7bd","resourceUri":"https://console.cloud.google.com/cloud-build/builds;region=us-central1/d78a906e-8a86-4089-9142-c3d33dc5a7bd?project=590486100853"},{"name":"SERVICE","state":"NOT_STARTED"}],"operationType":"UPDATE_FUNCTION","buildName":"projects/590486100853/locations/us-central1/builds/d78a906e-8a86-4089-9142-c3d33dc5a7bd"},"done":false}
[debug] [2025-08-12T11:07:26.911Z] [update-default-us-central1-sendStickerEmail] Retrying task index 0
[debug] [2025-08-12T11:07:26.912Z] Checked if tokens are valid: true, expires at: 1755000184752
[debug] [2025-08-12T11:07:26.912Z] Checked if tokens are valid: true, expires at: 1755000184752
[debug] [2025-08-12T11:07:26.912Z] >>> [apiv2][query] GET https://cloudfunctions.googleapis.com/v2/projects/motherland-coffee/locations/us-central1/operations/operation-1754996842928-63c290b67990f-cf1e68e4-7dfcb8de [none]
[debug] [2025-08-12T11:07:27.788Z] <<< [apiv2][status] GET https://cloudfunctions.googleapis.com/v2/projects/motherland-coffee/locations/us-central1/operations/operation-1754996842928-63c290b67990f-cf1e68e4-7dfcb8de 200
[debug] [2025-08-12T11:07:27.789Z] <<< [apiv2][body] GET https://cloudfunctions.googleapis.com/v2/projects/motherland-coffee/locations/us-central1/operations/operation-1754996842928-63c290b67990f-cf1e68e4-7dfcb8de {"name":"projects/motherland-coffee/locations/us-central1/operations/operation-1754996842928-63c290b67990f-cf1e68e4-7dfcb8de","metadata":{"@type":"type.googleapis.com/google.cloud.functions.v2.OperationMetadata","createTime":"2025-08-12T11:07:23.843320224Z","target":"projects/motherland-coffee/locations/us-central1/functions/sendStickerEmail","verb":"update","cancelRequested":false,"apiVersion":"v2","requestResource":{"@type":"type.googleapis.com/google.cloud.functions.v2.Function","name":"projects/motherland-coffee/locations/us-central1/functions/sendStickerEmail","buildConfig":{"runtime":"nodejs18","entryPoint":"sendStickerEmail","source":{"storageSource":{"bucket":"gcf-v2-sources-590486100853-us-central1","object":"sendStickerEmail/function-source.zip","generation":"1754996843771597"}},"environmentVariables":{"GOOGLE_NODE_RUN_SCRIPTS":""},"dockerRepository":"projects/motherland-coffee/locations/us-central1/repositories/gcf-artifacts","serviceAccount":"projects/motherland-coffee/serviceAccounts/590486100853-compute@developer.gserviceaccount.com","automaticUpdatePolicy":{}},"serviceConfig":{"service":"projects/motherland-coffee/locations/us-central1/services/sendstickeremail","timeoutSeconds":60,"environmentVariables":{"FIREBASE_CONFIG":"{\"projectId\":\"motherland-coffee\",\"storageBucket\":\"motherland-coffee.firebasestorage.app\"}","GCLOUD_PROJECT":"motherland-coffee","EVENTARC_CLOUD_EVENT_SOURCE":"projects/motherland-coffee/locations/us-central1/services/sendStickerEmail","FUNCTION_TARGET":"sendStickerEmail","LOG_EXECUTION_ID":"true"},"ingressSettings":"ALLOW_ALL","serviceAccountEmail":"590486100853-compute@developer.gserviceaccount.com","availableMemory":"256Mi","allTrafficOnLatestRevision":true,"revision":"sendstickeremail-00001-huc","maxInstanceRequestConcurrency":80,"availableCpu":"1"},"state":"ACTIVE","labels":{"deployment-tool":"cloudfunctions","deployment-callable":"true","firebase-functions-hash":"22ac20760bf8507688dba4f27454b158983b4944"},"environment":"GEN_2","url":"https://us-central1-motherland-coffee.cloudfunctions.net/sendStickerEmail","satisfiesPzi":true},"stages":[{"name":"BUILD","message":"Build in progress","state":"IN_PROGRESS","resource":"projects/590486100853/locations/us-central1/builds/d78a906e-8a86-4089-9142-c3d33dc5a7bd","resourceUri":"https://console.cloud.google.com/cloud-build/builds;region=us-central1/d78a906e-8a86-4089-9142-c3d33dc5a7bd?project=590486100853"},{"name":"SERVICE","state":"NOT_STARTED"}],"operationType":"UPDATE_FUNCTION","buildName":"projects/590486100853/locations/us-central1/builds/d78a906e-8a86-4089-9142-c3d33dc5a7bd"},"done":false}
[debug] [2025-08-12T11:07:28.797Z] [update-default-us-central1-sendStickerEmail] Retrying task index 0
[debug] [2025-08-12T11:07:28.797Z] Checked if tokens are valid: true, expires at: 1755000184752
[debug] [2025-08-12T11:07:28.797Z] Checked if tokens are valid: true, expires at: 1755000184752
[debug] [2025-08-12T11:07:28.797Z] >>> [apiv2][query] GET https://cloudfunctions.googleapis.com/v2/projects/motherland-coffee/locations/us-central1/operations/operation-1754996842928-63c290b67990f-cf1e68e4-7dfcb8de [none]
[debug] [2025-08-12T11:07:29.156Z] <<< [apiv2][status] GET https://cloudfunctions.googleapis.com/v2/projects/motherland-coffee/locations/us-central1/operations/operation-1754996842928-63c290b67990f-cf1e68e4-7dfcb8de 200
[debug] [2025-08-12T11:07:29.156Z] <<< [apiv2][body] GET https://cloudfunctions.googleapis.com/v2/projects/motherland-coffee/locations/us-central1/operations/operation-1754996842928-63c290b67990f-cf1e68e4-7dfcb8de {"name":"projects/motherland-coffee/locations/us-central1/operations/operation-1754996842928-63c290b67990f-cf1e68e4-7dfcb8de","metadata":{"@type":"type.googleapis.com/google.cloud.functions.v2.OperationMetadata","createTime":"2025-08-12T11:07:23.843320224Z","target":"projects/motherland-coffee/locations/us-central1/functions/sendStickerEmail","verb":"update","cancelRequested":false,"apiVersion":"v2","requestResource":{"@type":"type.googleapis.com/google.cloud.functions.v2.Function","name":"projects/motherland-coffee/locations/us-central1/functions/sendStickerEmail","buildConfig":{"runtime":"nodejs18","entryPoint":"sendStickerEmail","source":{"storageSource":{"bucket":"gcf-v2-sources-590486100853-us-central1","object":"sendStickerEmail/function-source.zip","generation":"1754996843771597"}},"environmentVariables":{"GOOGLE_NODE_RUN_SCRIPTS":""},"dockerRepository":"projects/motherland-coffee/locations/us-central1/repositories/gcf-artifacts","serviceAccount":"projects/motherland-coffee/serviceAccounts/590486100853-compute@developer.gserviceaccount.com","automaticUpdatePolicy":{}},"serviceConfig":{"service":"projects/motherland-coffee/locations/us-central1/services/sendstickeremail","timeoutSeconds":60,"environmentVariables":{"FIREBASE_CONFIG":"{\"projectId\":\"motherland-coffee\",\"storageBucket\":\"motherland-coffee.firebasestorage.app\"}","GCLOUD_PROJECT":"motherland-coffee","EVENTARC_CLOUD_EVENT_SOURCE":"projects/motherland-coffee/locations/us-central1/services/sendStickerEmail","FUNCTION_TARGET":"sendStickerEmail","LOG_EXECUTION_ID":"true"},"ingressSettings":"ALLOW_ALL","serviceAccountEmail":"590486100853-compute@developer.gserviceaccount.com","availableMemory":"256Mi","allTrafficOnLatestRevision":true,"revision":"sendstickeremail-00001-huc","maxInstanceRequestConcurrency":80,"availableCpu":"1"},"state":"ACTIVE","labels":{"deployment-tool":"cloudfunctions","deployment-callable":"true","firebase-functions-hash":"22ac20760bf8507688dba4f27454b158983b4944"},"environment":"GEN_2","url":"https://us-central1-motherland-coffee.cloudfunctions.net/sendStickerEmail","satisfiesPzi":true},"stages":[{"name":"BUILD","message":"Build in progress","state":"IN_PROGRESS","resource":"projects/590486100853/locations/us-central1/builds/d78a906e-8a86-4089-9142-c3d33dc5a7bd","resourceUri":"https://console.cloud.google.com/cloud-build/builds;region=us-central1/d78a906e-8a86-4089-9142-c3d33dc5a7bd?project=590486100853"},{"name":"SERVICE","state":"NOT_STARTED"}],"operationType":"UPDATE_FUNCTION","buildName":"projects/590486100853/locations/us-central1/builds/d78a906e-8a86-4089-9142-c3d33dc5a7bd"},"done":false}
[debug] [2025-08-12T11:07:31.158Z] [update-default-us-central1-sendStickerEmail] Retrying task index 0
[debug] [2025-08-12T11:07:31.159Z] Checked if tokens are valid: true, expires at: 1755000184752
[debug] [2025-08-12T11:07:31.159Z] Checked if tokens are valid: true, expires at: 1755000184752
[debug] [2025-08-12T11:07:31.159Z] >>> [apiv2][query] GET https://cloudfunctions.googleapis.com/v2/projects/motherland-coffee/locations/us-central1/operations/operation-1754996842928-63c290b67990f-cf1e68e4-7dfcb8de [none]
[debug] [2025-08-12T11:07:31.998Z] <<< [apiv2][status] GET https://cloudfunctions.googleapis.com/v2/projects/motherland-coffee/locations/us-central1/operations/operation-1754996842928-63c290b67990f-cf1e68e4-7dfcb8de 200
[debug] [2025-08-12T11:07:31.998Z] <<< [apiv2][body] GET https://cloudfunctions.googleapis.com/v2/projects/motherland-coffee/locations/us-central1/operations/operation-1754996842928-63c290b67990f-cf1e68e4-7dfcb8de {"name":"projects/motherland-coffee/locations/us-central1/operations/operation-1754996842928-63c290b67990f-cf1e68e4-7dfcb8de","metadata":{"@type":"type.googleapis.com/google.cloud.functions.v2.OperationMetadata","createTime":"2025-08-12T11:07:23.843320224Z","target":"projects/motherland-coffee/locations/us-central1/functions/sendStickerEmail","verb":"update","cancelRequested":false,"apiVersion":"v2","requestResource":{"@type":"type.googleapis.com/google.cloud.functions.v2.Function","name":"projects/motherland-coffee/locations/us-central1/functions/sendStickerEmail","buildConfig":{"runtime":"nodejs18","entryPoint":"sendStickerEmail","source":{"storageSource":{"bucket":"gcf-v2-sources-590486100853-us-central1","object":"sendStickerEmail/function-source.zip","generation":"1754996843771597"}},"environmentVariables":{"GOOGLE_NODE_RUN_SCRIPTS":""},"dockerRepository":"projects/motherland-coffee/locations/us-central1/repositories/gcf-artifacts","serviceAccount":"projects/motherland-coffee/serviceAccounts/590486100853-compute@developer.gserviceaccount.com","automaticUpdatePolicy":{}},"serviceConfig":{"service":"projects/motherland-coffee/locations/us-central1/services/sendstickeremail","timeoutSeconds":60,"environmentVariables":{"FIREBASE_CONFIG":"{\"projectId\":\"motherland-coffee\",\"storageBucket\":\"motherland-coffee.firebasestorage.app\"}","GCLOUD_PROJECT":"motherland-coffee","EVENTARC_CLOUD_EVENT_SOURCE":"projects/motherland-coffee/locations/us-central1/services/sendStickerEmail","FUNCTION_TARGET":"sendStickerEmail","LOG_EXECUTION_ID":"true"},"ingressSettings":"ALLOW_ALL","serviceAccountEmail":"590486100853-compute@developer.gserviceaccount.com","availableMemory":"256Mi","allTrafficOnLatestRevision":true,"revision":"sendstickeremail-00001-huc","maxInstanceRequestConcurrency":80,"availableCpu":"1"},"state":"ACTIVE","labels":{"deployment-tool":"cloudfunctions","deployment-callable":"true","firebase-functions-hash":"22ac20760bf8507688dba4f27454b158983b4944"},"environment":"GEN_2","url":"https://us-central1-motherland-coffee.cloudfunctions.net/sendStickerEmail","satisfiesPzi":true},"stages":[{"name":"BUILD","message":"Build in progress","state":"IN_PROGRESS","resource":"projects/590486100853/locations/us-central1/builds/d78a906e-8a86-4089-9142-c3d33dc5a7bd","resourceUri":"https://console.cloud.google.com/cloud-build/builds;region=us-central1/d78a906e-8a86-4089-9142-c3d33dc5a7bd?project=590486100853"},{"name":"SERVICE","state":"NOT_STARTED"}],"operationType":"UPDATE_FUNCTION","buildName":"projects/590486100853/locations/us-central1/builds/d78a906e-8a86-4089-9142-c3d33dc5a7bd"},"done":false}
[debug] [2025-08-12T11:07:36.000Z] [update-default-us-central1-sendStickerEmail] Retrying task index 0
[debug] [2025-08-12T11:07:36.001Z] Checked if tokens are valid: true, expires at: 1755000184752
[debug] [2025-08-12T11:07:36.001Z] Checked if tokens are valid: true, expires at: 1755000184752
[debug] [2025-08-12T11:07:36.001Z] >>> [apiv2][query] GET https://cloudfunctions.googleapis.com/v2/projects/motherland-coffee/locations/us-central1/operations/operation-1754996842928-63c290b67990f-cf1e68e4-7dfcb8de [none]
[debug] [2025-08-12T11:07:36.864Z] <<< [apiv2][status] GET https://cloudfunctions.googleapis.com/v2/projects/motherland-coffee/locations/us-central1/operations/operation-1754996842928-63c290b67990f-cf1e68e4-7dfcb8de 200
[debug] [2025-08-12T11:07:36.865Z] <<< [apiv2][body] GET https://cloudfunctions.googleapis.com/v2/projects/motherland-coffee/locations/us-central1/operations/operation-1754996842928-63c290b67990f-cf1e68e4-7dfcb8de {"name":"projects/motherland-coffee/locations/us-central1/operations/operation-1754996842928-63c290b67990f-cf1e68e4-7dfcb8de","metadata":{"@type":"type.googleapis.com/google.cloud.functions.v2.OperationMetadata","createTime":"2025-08-12T11:07:23.843320224Z","target":"projects/motherland-coffee/locations/us-central1/functions/sendStickerEmail","verb":"update","cancelRequested":false,"apiVersion":"v2","requestResource":{"@type":"type.googleapis.com/google.cloud.functions.v2.Function","name":"projects/motherland-coffee/locations/us-central1/functions/sendStickerEmail","buildConfig":{"runtime":"nodejs18","entryPoint":"sendStickerEmail","source":{"storageSource":{"bucket":"gcf-v2-sources-590486100853-us-central1","object":"sendStickerEmail/function-source.zip","generation":"1754996843771597"}},"environmentVariables":{"GOOGLE_NODE_RUN_SCRIPTS":""},"dockerRepository":"projects/motherland-coffee/locations/us-central1/repositories/gcf-artifacts","serviceAccount":"projects/motherland-coffee/serviceAccounts/590486100853-compute@developer.gserviceaccount.com","automaticUpdatePolicy":{}},"serviceConfig":{"service":"projects/motherland-coffee/locations/us-central1/services/sendstickeremail","timeoutSeconds":60,"environmentVariables":{"FIREBASE_CONFIG":"{\"projectId\":\"motherland-coffee\",\"storageBucket\":\"motherland-coffee.firebasestorage.app\"}","GCLOUD_PROJECT":"motherland-coffee","EVENTARC_CLOUD_EVENT_SOURCE":"projects/motherland-coffee/locations/us-central1/services/sendStickerEmail","FUNCTION_TARGET":"sendStickerEmail","LOG_EXECUTION_ID":"true"},"ingressSettings":"ALLOW_ALL","serviceAccountEmail":"590486100853-compute@developer.gserviceaccount.com","availableMemory":"256Mi","allTrafficOnLatestRevision":true,"revision":"sendstickeremail-00001-huc","maxInstanceRequestConcurrency":80,"availableCpu":"1"},"state":"ACTIVE","labels":{"deployment-tool":"cloudfunctions","deployment-callable":"true","firebase-functions-hash":"22ac20760bf8507688dba4f27454b158983b4944"},"environment":"GEN_2","url":"https://us-central1-motherland-coffee.cloudfunctions.net/sendStickerEmail","satisfiesPzi":true},"stages":[{"name":"BUILD","message":"Build in progress","state":"IN_PROGRESS","resource":"projects/590486100853/locations/us-central1/builds/d78a906e-8a86-4089-9142-c3d33dc5a7bd","resourceUri":"https://console.cloud.google.com/cloud-build/builds;region=us-central1/d78a906e-8a86-4089-9142-c3d33dc5a7bd?project=590486100853"},{"name":"SERVICE","state":"NOT_STARTED"}],"operationType":"UPDATE_FUNCTION","buildName":"projects/590486100853/locations/us-central1/builds/d78a906e-8a86-4089-9142-c3d33dc5a7bd"},"done":false}
[debug] [2025-08-12T11:07:44.866Z] [update-default-us-central1-sendStickerEmail] Retrying task index 0
[debug] [2025-08-12T11:07:44.866Z] Checked if tokens are valid: true, expires at: 1755000184752
[debug] [2025-08-12T11:07:44.866Z] Checked if tokens are valid: true, expires at: 1755000184752
[debug] [2025-08-12T11:07:44.866Z] >>> [apiv2][query] GET https://cloudfunctions.googleapis.com/v2/projects/motherland-coffee/locations/us-central1/operations/operation-1754996842928-63c290b67990f-cf1e68e4-7dfcb8de [none]
[debug] [2025-08-12T11:07:45.919Z] <<< [apiv2][status] GET https://cloudfunctions.googleapis.com/v2/projects/motherland-coffee/locations/us-central1/operations/operation-1754996842928-63c290b67990f-cf1e68e4-7dfcb8de 200
[debug] [2025-08-12T11:07:45.919Z] <<< [apiv2][body] GET https://cloudfunctions.googleapis.com/v2/projects/motherland-coffee/locations/us-central1/operations/operation-1754996842928-63c290b67990f-cf1e68e4-7dfcb8de {"name":"projects/motherland-coffee/locations/us-central1/operations/operation-1754996842928-63c290b67990f-cf1e68e4-7dfcb8de","metadata":{"@type":"type.googleapis.com/google.cloud.functions.v2.OperationMetadata","createTime":"2025-08-12T11:07:23.843320224Z","target":"projects/motherland-coffee/locations/us-central1/functions/sendStickerEmail","verb":"update","cancelRequested":false,"apiVersion":"v2","requestResource":{"@type":"type.googleapis.com/google.cloud.functions.v2.Function","name":"projects/motherland-coffee/locations/us-central1/functions/sendStickerEmail","buildConfig":{"runtime":"nodejs18","entryPoint":"sendStickerEmail","source":{"storageSource":{"bucket":"gcf-v2-sources-590486100853-us-central1","object":"sendStickerEmail/function-source.zip","generation":"1754996843771597"}},"environmentVariables":{"GOOGLE_NODE_RUN_SCRIPTS":""},"dockerRepository":"projects/motherland-coffee/locations/us-central1/repositories/gcf-artifacts","serviceAccount":"projects/motherland-coffee/serviceAccounts/590486100853-compute@developer.gserviceaccount.com","automaticUpdatePolicy":{}},"serviceConfig":{"service":"projects/motherland-coffee/locations/us-central1/services/sendstickeremail","timeoutSeconds":60,"environmentVariables":{"FIREBASE_CONFIG":"{\"projectId\":\"motherland-coffee\",\"storageBucket\":\"motherland-coffee.firebasestorage.app\"}","GCLOUD_PROJECT":"motherland-coffee","EVENTARC_CLOUD_EVENT_SOURCE":"projects/motherland-coffee/locations/us-central1/services/sendStickerEmail","FUNCTION_TARGET":"sendStickerEmail","LOG_EXECUTION_ID":"true"},"ingressSettings":"ALLOW_ALL","serviceAccountEmail":"590486100853-compute@developer.gserviceaccount.com","availableMemory":"256Mi","allTrafficOnLatestRevision":true,"revision":"sendstickeremail-00001-huc","maxInstanceRequestConcurrency":80,"availableCpu":"1"},"state":"ACTIVE","labels":{"deployment-tool":"cloudfunctions","deployment-callable":"true","firebase-functions-hash":"22ac20760bf8507688dba4f27454b158983b4944"},"environment":"GEN_2","url":"https://us-central1-motherland-coffee.cloudfunctions.net/sendStickerEmail","satisfiesPzi":true},"stages":[{"name":"BUILD","message":"Build in progress","state":"IN_PROGRESS","resource":"projects/590486100853/locations/us-central1/builds/d78a906e-8a86-4089-9142-c3d33dc5a7bd","resourceUri":"https://console.cloud.google.com/cloud-build/builds;region=us-central1/d78a906e-8a86-4089-9142-c3d33dc5a7bd?project=590486100853"},{"name":"SERVICE","state":"NOT_STARTED"}],"operationType":"UPDATE_FUNCTION","buildName":"projects/590486100853/locations/us-central1/builds/d78a906e-8a86-4089-9142-c3d33dc5a7bd"},"done":false}
[debug] [2025-08-12T11:07:55.928Z] [update-default-us-central1-sendStickerEmail] Retrying task index 0
[debug] [2025-08-12T11:07:55.929Z] Checked if tokens are valid: true, expires at: 1755000184752
[debug] [2025-08-12T11:07:55.929Z] Checked if tokens are valid: true, expires at: 1755000184752
[debug] [2025-08-12T11:07:55.929Z] >>> [apiv2][query] GET https://cloudfunctions.googleapis.com/v2/projects/motherland-coffee/locations/us-central1/operations/operation-1754996842928-63c290b67990f-cf1e68e4-7dfcb8de [none]
[debug] [2025-08-12T11:07:57.025Z] <<< [apiv2][status] GET https://cloudfunctions.googleapis.com/v2/projects/motherland-coffee/locations/us-central1/operations/operation-1754996842928-63c290b67990f-cf1e68e4-7dfcb8de 200
[debug] [2025-08-12T11:07:57.026Z] <<< [apiv2][body] GET https://cloudfunctions.googleapis.com/v2/projects/motherland-coffee/locations/us-central1/operations/operation-1754996842928-63c290b67990f-cf1e68e4-7dfcb8de {"name":"projects/motherland-coffee/locations/us-central1/operations/operation-1754996842928-63c290b67990f-cf1e68e4-7dfcb8de","metadata":{"@type":"type.googleapis.com/google.cloud.functions.v2.OperationMetadata","createTime":"2025-08-12T11:07:23.843320224Z","target":"projects/motherland-coffee/locations/us-central1/functions/sendStickerEmail","verb":"update","cancelRequested":false,"apiVersion":"v2","requestResource":{"@type":"type.googleapis.com/google.cloud.functions.v2.Function","name":"projects/motherland-coffee/locations/us-central1/functions/sendStickerEmail","buildConfig":{"runtime":"nodejs18","entryPoint":"sendStickerEmail","source":{"storageSource":{"bucket":"gcf-v2-sources-590486100853-us-central1","object":"sendStickerEmail/function-source.zip","generation":"1754996843771597"}},"environmentVariables":{"GOOGLE_NODE_RUN_SCRIPTS":""},"dockerRepository":"projects/motherland-coffee/locations/us-central1/repositories/gcf-artifacts","serviceAccount":"projects/motherland-coffee/serviceAccounts/590486100853-compute@developer.gserviceaccount.com","automaticUpdatePolicy":{}},"serviceConfig":{"service":"projects/motherland-coffee/locations/us-central1/services/sendstickeremail","timeoutSeconds":60,"environmentVariables":{"FIREBASE_CONFIG":"{\"projectId\":\"motherland-coffee\",\"storageBucket\":\"motherland-coffee.firebasestorage.app\"}","GCLOUD_PROJECT":"motherland-coffee","EVENTARC_CLOUD_EVENT_SOURCE":"projects/motherland-coffee/locations/us-central1/services/sendStickerEmail","FUNCTION_TARGET":"sendStickerEmail","LOG_EXECUTION_ID":"true"},"ingressSettings":"ALLOW_ALL","serviceAccountEmail":"590486100853-compute@developer.gserviceaccount.com","availableMemory":"256Mi","allTrafficOnLatestRevision":true,"revision":"sendstickeremail-00001-huc","maxInstanceRequestConcurrency":80,"availableCpu":"1"},"state":"ACTIVE","labels":{"deployment-tool":"cloudfunctions","deployment-callable":"true","firebase-functions-hash":"22ac20760bf8507688dba4f27454b158983b4944"},"environment":"GEN_2","url":"https://us-central1-motherland-coffee.cloudfunctions.net/sendStickerEmail","satisfiesPzi":true},"stages":[{"name":"BUILD","message":"Build in progress","state":"IN_PROGRESS","resource":"projects/590486100853/locations/us-central1/builds/d78a906e-8a86-4089-9142-c3d33dc5a7bd","resourceUri":"https://console.cloud.google.com/cloud-build/builds;region=us-central1/d78a906e-8a86-4089-9142-c3d33dc5a7bd?project=590486100853"},{"name":"SERVICE","state":"NOT_STARTED"}],"operationType":"UPDATE_FUNCTION","buildName":"projects/590486100853/locations/us-central1/builds/d78a906e-8a86-4089-9142-c3d33dc5a7bd"},"done":false}
[debug] [2025-08-12T11:08:07.039Z] [update-default-us-central1-sendStickerEmail] Retrying task index 0
[debug] [2025-08-12T11:08:07.040Z] Checked if tokens are valid: true, expires at: 1755000184752
[debug] [2025-08-12T11:08:07.040Z] Checked if tokens are valid: true, expires at: 1755000184752
[debug] [2025-08-12T11:08:07.040Z] >>> [apiv2][query] GET https://cloudfunctions.googleapis.com/v2/projects/motherland-coffee/locations/us-central1/operations/operation-1754996842928-63c290b67990f-cf1e68e4-7dfcb8de [none]
[debug] [2025-08-12T11:08:08.089Z] <<< [apiv2][status] GET https://cloudfunctions.googleapis.com/v2/projects/motherland-coffee/locations/us-central1/operations/operation-1754996842928-63c290b67990f-cf1e68e4-7dfcb8de 200
[debug] [2025-08-12T11:08:08.089Z] <<< [apiv2][body] GET https://cloudfunctions.googleapis.com/v2/projects/motherland-coffee/locations/us-central1/operations/operation-1754996842928-63c290b67990f-cf1e68e4-7dfcb8de {"name":"projects/motherland-coffee/locations/us-central1/operations/operation-1754996842928-63c290b67990f-cf1e68e4-7dfcb8de","metadata":{"@type":"type.googleapis.com/google.cloud.functions.v2.OperationMetadata","createTime":"2025-08-12T11:07:23.843320224Z","target":"projects/motherland-coffee/locations/us-central1/functions/sendStickerEmail","verb":"update","cancelRequested":false,"apiVersion":"v2","requestResource":{"@type":"type.googleapis.com/google.cloud.functions.v2.Function","name":"projects/motherland-coffee/locations/us-central1/functions/sendStickerEmail","buildConfig":{"runtime":"nodejs18","entryPoint":"sendStickerEmail","source":{"storageSource":{"bucket":"gcf-v2-sources-590486100853-us-central1","object":"sendStickerEmail/function-source.zip","generation":"1754996843771597"}},"environmentVariables":{"GOOGLE_NODE_RUN_SCRIPTS":""},"dockerRepository":"projects/motherland-coffee/locations/us-central1/repositories/gcf-artifacts","serviceAccount":"projects/motherland-coffee/serviceAccounts/590486100853-compute@developer.gserviceaccount.com","automaticUpdatePolicy":{}},"serviceConfig":{"service":"projects/motherland-coffee/locations/us-central1/services/sendstickeremail","timeoutSeconds":60,"environmentVariables":{"FIREBASE_CONFIG":"{\"projectId\":\"motherland-coffee\",\"storageBucket\":\"motherland-coffee.firebasestorage.app\"}","GCLOUD_PROJECT":"motherland-coffee","EVENTARC_CLOUD_EVENT_SOURCE":"projects/motherland-coffee/locations/us-central1/services/sendStickerEmail","FUNCTION_TARGET":"sendStickerEmail","LOG_EXECUTION_ID":"true"},"ingressSettings":"ALLOW_ALL","serviceAccountEmail":"590486100853-compute@developer.gserviceaccount.com","availableMemory":"256Mi","allTrafficOnLatestRevision":true,"revision":"sendstickeremail-00001-huc","maxInstanceRequestConcurrency":80,"availableCpu":"1"},"state":"ACTIVE","labels":{"deployment-tool":"cloudfunctions","deployment-callable":"true","firebase-functions-hash":"22ac20760bf8507688dba4f27454b158983b4944"},"environment":"GEN_2","url":"https://us-central1-motherland-coffee.cloudfunctions.net/sendStickerEmail","satisfiesPzi":true},"stages":[{"name":"BUILD","message":"Build in progress","state":"IN_PROGRESS","resource":"projects/590486100853/locations/us-central1/builds/d78a906e-8a86-4089-9142-c3d33dc5a7bd","resourceUri":"https://console.cloud.google.com/cloud-build/builds;region=us-central1/d78a906e-8a86-4089-9142-c3d33dc5a7bd?project=590486100853"},{"name":"SERVICE","state":"NOT_STARTED"}],"operationType":"UPDATE_FUNCTION","buildName":"projects/590486100853/locations/us-central1/builds/d78a906e-8a86-4089-9142-c3d33dc5a7bd"},"done":false}
[debug] [2025-08-12T11:08:18.097Z] [update-default-us-central1-sendStickerEmail] Retrying task index 0
[debug] [2025-08-12T11:08:18.098Z] Checked if tokens are valid: true, expires at: 1755000184752
[debug] [2025-08-12T11:08:18.098Z] Checked if tokens are valid: true, expires at: 1755000184752
[debug] [2025-08-12T11:08:18.098Z] >>> [apiv2][query] GET https://cloudfunctions.googleapis.com/v2/projects/motherland-coffee/locations/us-central1/operations/operation-1754996842928-63c290b67990f-cf1e68e4-7dfcb8de [none]
[debug] [2025-08-12T11:08:19.198Z] <<< [apiv2][status] GET https://cloudfunctions.googleapis.com/v2/projects/motherland-coffee/locations/us-central1/operations/operation-1754996842928-63c290b67990f-cf1e68e4-7dfcb8de 200
[debug] [2025-08-12T11:08:19.198Z] <<< [apiv2][body] GET https://cloudfunctions.googleapis.com/v2/projects/motherland-coffee/locations/us-central1/operations/operation-1754996842928-63c290b67990f-cf1e68e4-7dfcb8de {"name":"projects/motherland-coffee/locations/us-central1/operations/operation-1754996842928-63c290b67990f-cf1e68e4-7dfcb8de","metadata":{"@type":"type.googleapis.com/google.cloud.functions.v2.OperationMetadata","createTime":"2025-08-12T11:07:23.843320224Z","target":"projects/motherland-coffee/locations/us-central1/functions/sendStickerEmail","verb":"update","cancelRequested":false,"apiVersion":"v2","requestResource":{"@type":"type.googleapis.com/google.cloud.functions.v2.Function","name":"projects/motherland-coffee/locations/us-central1/functions/sendStickerEmail","buildConfig":{"runtime":"nodejs18","entryPoint":"sendStickerEmail","source":{"storageSource":{"bucket":"gcf-v2-sources-590486100853-us-central1","object":"sendStickerEmail/function-source.zip","generation":"1754996843771597"}},"environmentVariables":{"GOOGLE_NODE_RUN_SCRIPTS":""},"dockerRepository":"projects/motherland-coffee/locations/us-central1/repositories/gcf-artifacts","serviceAccount":"projects/motherland-coffee/serviceAccounts/590486100853-compute@developer.gserviceaccount.com","automaticUpdatePolicy":{}},"serviceConfig":{"service":"projects/motherland-coffee/locations/us-central1/services/sendstickeremail","timeoutSeconds":60,"environmentVariables":{"FIREBASE_CONFIG":"{\"projectId\":\"motherland-coffee\",\"storageBucket\":\"motherland-coffee.firebasestorage.app\"}","GCLOUD_PROJECT":"motherland-coffee","EVENTARC_CLOUD_EVENT_SOURCE":"projects/motherland-coffee/locations/us-central1/services/sendStickerEmail","FUNCTION_TARGET":"sendStickerEmail","LOG_EXECUTION_ID":"true"},"ingressSettings":"ALLOW_ALL","serviceAccountEmail":"590486100853-compute@developer.gserviceaccount.com","availableMemory":"256Mi","allTrafficOnLatestRevision":true,"revision":"sendstickeremail-00001-huc","maxInstanceRequestConcurrency":80,"availableCpu":"1"},"state":"ACTIVE","labels":{"deployment-tool":"cloudfunctions","deployment-callable":"true","firebase-functions-hash":"22ac20760bf8507688dba4f27454b158983b4944"},"environment":"GEN_2","url":"https://us-central1-motherland-coffee.cloudfunctions.net/sendStickerEmail","satisfiesPzi":true},"stages":[{"name":"BUILD","message":"Build in progress","state":"IN_PROGRESS","resource":"projects/590486100853/locations/us-central1/builds/d78a906e-8a86-4089-9142-c3d33dc5a7bd","resourceUri":"https://console.cloud.google.com/cloud-build/builds;region=us-central1/d78a906e-8a86-4089-9142-c3d33dc5a7bd?project=590486100853"},{"name":"SERVICE","state":"NOT_STARTED"}],"operationType":"UPDATE_FUNCTION","buildName":"projects/590486100853/locations/us-central1/builds/d78a906e-8a86-4089-9142-c3d33dc5a7bd"},"done":false}
[debug] [2025-08-12T11:08:29.203Z] [update-default-us-central1-sendStickerEmail] Retrying task index 0
[debug] [2025-08-12T11:08:29.204Z] Checked if tokens are valid: true, expires at: 1755000184752
[debug] [2025-08-12T11:08:29.204Z] Checked if tokens are valid: true, expires at: 1755000184752
[debug] [2025-08-12T11:08:29.204Z] >>> [apiv2][query] GET https://cloudfunctions.googleapis.com/v2/projects/motherland-coffee/locations/us-central1/operations/operation-1754996842928-63c290b67990f-cf1e68e4-7dfcb8de [none]
[debug] [2025-08-12T11:08:30.302Z] <<< [apiv2][status] GET https://cloudfunctions.googleapis.com/v2/projects/motherland-coffee/locations/us-central1/operations/operation-1754996842928-63c290b67990f-cf1e68e4-7dfcb8de 200
[debug] [2025-08-12T11:08:30.302Z] <<< [apiv2][body] GET https://cloudfunctions.googleapis.com/v2/projects/motherland-coffee/locations/us-central1/operations/operation-1754996842928-63c290b67990f-cf1e68e4-7dfcb8de {"name":"projects/motherland-coffee/locations/us-central1/operations/operation-1754996842928-63c290b67990f-cf1e68e4-7dfcb8de","metadata":{"@type":"type.googleapis.com/google.cloud.functions.v2.OperationMetadata","createTime":"2025-08-12T11:07:23.843320224Z","target":"projects/motherland-coffee/locations/us-central1/functions/sendStickerEmail","verb":"update","cancelRequested":false,"apiVersion":"v2","requestResource":{"@type":"type.googleapis.com/google.cloud.functions.v2.Function","name":"projects/motherland-coffee/locations/us-central1/functions/sendStickerEmail","buildConfig":{"runtime":"nodejs18","entryPoint":"sendStickerEmail","source":{"storageSource":{"bucket":"gcf-v2-sources-590486100853-us-central1","object":"sendStickerEmail/function-source.zip","generation":"1754996843771597"}},"environmentVariables":{"GOOGLE_NODE_RUN_SCRIPTS":""},"dockerRepository":"projects/motherland-coffee/locations/us-central1/repositories/gcf-artifacts","serviceAccount":"projects/motherland-coffee/serviceAccounts/590486100853-compute@developer.gserviceaccount.com","automaticUpdatePolicy":{}},"serviceConfig":{"service":"projects/motherland-coffee/locations/us-central1/services/sendstickeremail","timeoutSeconds":60,"environmentVariables":{"FIREBASE_CONFIG":"{\"projectId\":\"motherland-coffee\",\"storageBucket\":\"motherland-coffee.firebasestorage.app\"}","GCLOUD_PROJECT":"motherland-coffee","EVENTARC_CLOUD_EVENT_SOURCE":"projects/motherland-coffee/locations/us-central1/services/sendStickerEmail","FUNCTION_TARGET":"sendStickerEmail","LOG_EXECUTION_ID":"true"},"ingressSettings":"ALLOW_ALL","serviceAccountEmail":"590486100853-compute@developer.gserviceaccount.com","availableMemory":"256Mi","allTrafficOnLatestRevision":true,"revision":"sendstickeremail-00001-huc","maxInstanceRequestConcurrency":80,"availableCpu":"1"},"state":"ACTIVE","labels":{"deployment-tool":"cloudfunctions","deployment-callable":"true","firebase-functions-hash":"22ac20760bf8507688dba4f27454b158983b4944"},"environment":"GEN_2","url":"https://us-central1-motherland-coffee.cloudfunctions.net/sendStickerEmail","satisfiesPzi":true},"stages":[{"name":"BUILD","message":"Build finished","state":"COMPLETE","resource":"projects/590486100853/locations/us-central1/builds/d78a906e-8a86-4089-9142-c3d33dc5a7bd","resourceUri":"https://console.cloud.google.com/cloud-build/builds;region=us-central1/d78a906e-8a86-4089-9142-c3d33dc5a7bd?project=590486100853"},{"name":"SERVICE","message":"Updating Cloud Run service","state":"IN_PROGRESS","resource":"projects/motherland-coffee/locations/us-central1/services/sendstickeremail","resourceUri":"https://console.cloud.google.com/run/detail/us-central1/sendstickeremail?project=motherland-coffee","stateMessages":[{"severity":"INFO","type":"CloudRunServiceNewRevisionTrafficInfo","message":"A new revision will be deployed serving with 100% traffic."}]}],"sourceToken":"Cldwcm9qZWN0cy81OTA0ODYxMDA4NTMvbG9jYXRpb25zL3VzLWNlbnRyYWwxL2J1aWxkcy9kNzhhOTA2ZS04YTg2LTQwODktOTE0Mi1jM2QzM2RjNWE3YmQSeXVzLWNlbnRyYWwxLWRvY2tlci5wa2cuZGV2L21vdGhlcmxhbmQtY29mZmVlL2djZi1hcnRpZmFjdHMvbW90aGVybGFuZC0tY29mZmVlX191cy0tY2VudHJhbDFfX3NlbmRfc3RpY2tlcl9lbWFpbDp2ZXJzaW9uXzEY9bbb3ZcRIktwcm9qZWN0cy9tb3RoZXJsYW5kLWNvZmZlZS9sb2NhdGlvbnMvdXMtY2VudHJhbDEvZnVuY3Rpb25zL3NlbmRTdGlja2VyRW1haWwqCwilwezEBhCg+cQJMghub2RlanMxODp2CiNnY3IuaW8vZ2FlLXJ1bnRpbWVzL25vZGVqczE4OnN0YWJsZRJPdXMtY2VudHJhbDEtZG9ja2VyLnBrZy5kZXYvc2VydmVybGVzcy1ydW50aW1lcy9nb29nbGUtMjItZnVsbC9ydW50aW1lcy9ub2RlanMxOEAB","operationType":"UPDATE_FUNCTION","buildName":"projects/590486100853/locations/us-central1/builds/d78a906e-8a86-4089-9142-c3d33dc5a7bd"},"done":false}
[debug] [2025-08-12T11:08:30.302Z] Got source token Cldwcm9qZWN0cy81OTA0ODYxMDA4NTMvbG9jYXRpb25zL3VzLWNlbnRyYWwxL2J1aWxkcy9kNzhhOTA2ZS04YTg2LTQwODktOTE0Mi1jM2QzM2RjNWE3YmQSeXVzLWNlbnRyYWwxLWRvY2tlci5wa2cuZGV2L21vdGhlcmxhbmQtY29mZmVlL2djZi1hcnRpZmFjdHMvbW90aGVybGFuZC0tY29mZmVlX191cy0tY2VudHJhbDFfX3NlbmRfc3RpY2tlcl9lbWFpbDp2ZXJzaW9uXzEY9bbb3ZcRIktwcm9qZWN0cy9tb3RoZXJsYW5kLWNvZmZlZS9sb2NhdGlvbnMvdXMtY2VudHJhbDEvZnVuY3Rpb25zL3NlbmRTdGlja2VyRW1haWwqCwilwezEBhCg+cQJMghub2RlanMxODp2CiNnY3IuaW8vZ2FlLXJ1bnRpbWVzL25vZGVqczE4OnN0YWJsZRJPdXMtY2VudHJhbDEtZG9ja2VyLnBrZy5kZXYvc2VydmVybGVzcy1ydW50aW1lcy9nb29nbGUtMjItZnVsbC9ydW50aW1lcy9ub2RlanMxOEAB for region us-central1
[debug] [2025-08-12T11:08:40.314Z] [update-default-us-central1-sendStickerEmail] Retrying task index 0
[debug] [2025-08-12T11:08:40.314Z] Checked if tokens are valid: true, expires at: 1755000184752
[debug] [2025-08-12T11:08:40.314Z] Checked if tokens are valid: true, expires at: 1755000184752
[debug] [2025-08-12T11:08:40.314Z] >>> [apiv2][query] GET https://cloudfunctions.googleapis.com/v2/projects/motherland-coffee/locations/us-central1/operations/operation-1754996842928-63c290b67990f-cf1e68e4-7dfcb8de [none]
[debug] [2025-08-12T11:08:41.336Z] <<< [apiv2][status] GET https://cloudfunctions.googleapis.com/v2/projects/motherland-coffee/locations/us-central1/operations/operation-1754996842928-63c290b67990f-cf1e68e4-7dfcb8de 200
[debug] [2025-08-12T11:08:41.336Z] <<< [apiv2][body] GET https://cloudfunctions.googleapis.com/v2/projects/motherland-coffee/locations/us-central1/operations/operation-1754996842928-63c290b67990f-cf1e68e4-7dfcb8de {"name":"projects/motherland-coffee/locations/us-central1/operations/operation-1754996842928-63c290b67990f-cf1e68e4-7dfcb8de","metadata":{"@type":"type.googleapis.com/google.cloud.functions.v2.OperationMetadata","createTime":"2025-08-12T11:07:23.843320224Z","endTime":"2025-08-12T11:08:34.102853834Z","target":"projects/motherland-coffee/locations/us-central1/functions/sendStickerEmail","verb":"update","cancelRequested":false,"apiVersion":"v2","requestResource":{"@type":"type.googleapis.com/google.cloud.functions.v2.Function","name":"projects/motherland-coffee/locations/us-central1/functions/sendStickerEmail","buildConfig":{"runtime":"nodejs18","entryPoint":"sendStickerEmail","source":{"storageSource":{"bucket":"gcf-v2-sources-590486100853-us-central1","object":"sendStickerEmail/function-source.zip","generation":"1754996843771597"}},"environmentVariables":{"GOOGLE_NODE_RUN_SCRIPTS":""},"dockerRepository":"projects/motherland-coffee/locations/us-central1/repositories/gcf-artifacts","serviceAccount":"projects/motherland-coffee/serviceAccounts/590486100853-compute@developer.gserviceaccount.com","automaticUpdatePolicy":{}},"serviceConfig":{"service":"projects/motherland-coffee/locations/us-central1/services/sendstickeremail","timeoutSeconds":60,"environmentVariables":{"FIREBASE_CONFIG":"{\"projectId\":\"motherland-coffee\",\"storageBucket\":\"motherland-coffee.firebasestorage.app\"}","GCLOUD_PROJECT":"motherland-coffee","EVENTARC_CLOUD_EVENT_SOURCE":"projects/motherland-coffee/locations/us-central1/services/sendStickerEmail","FUNCTION_TARGET":"sendStickerEmail","LOG_EXECUTION_ID":"true"},"ingressSettings":"ALLOW_ALL","serviceAccountEmail":"590486100853-compute@developer.gserviceaccount.com","availableMemory":"256Mi","allTrafficOnLatestRevision":true,"revision":"sendstickeremail-00001-huc","maxInstanceRequestConcurrency":80,"availableCpu":"1"},"state":"ACTIVE","labels":{"deployment-tool":"cloudfunctions","deployment-callable":"true","firebase-functions-hash":"22ac20760bf8507688dba4f27454b158983b4944"},"environment":"GEN_2","url":"https://us-central1-motherland-coffee.cloudfunctions.net/sendStickerEmail","satisfiesPzi":true},"stages":[{"name":"SERVICE","state":"NOT_STARTED"}],"operationType":"UPDATE_FUNCTION"},"done":true,"error":{"code":3,"message":"Could not create or update Cloud Run service sendstickeremail, Container Healthcheck failed. Revision 'sendstickeremail-00002-yot' is not ready and cannot serve traffic. The user-provided container failed to start and listen on the port defined provided by the PORT=8080 environment variable within the allocated timeout. This can happen when the container port is misconfigured or if the timeout is too short. The health check timeout can be extended. Logs for this revision might contain more information.\n\nLogs URL: https://console.cloud.google.com/logs/viewer?project=motherland-coffee&resource=cloud_run_revision/service_name/sendstickeremail/revision_name/sendstickeremail-00002-yot&advancedFilter=resource.type%3D%22cloud_run_revision%22%0Aresource.labels.service_name%3D%22sendstickeremail%22%0Aresource.labels.revision_name%3D%22sendstickeremail-00002-yot%22 \nFor more troubleshooting guidance, see https://cloud.google.com/run/docs/troubleshooting#container-failed-to-start"}}
[debug] [2025-08-12T11:08:41.336Z] Got source token undefined for region us-central1
[error] Could not create or update Cloud Run service sendstickeremail, Container Healthcheck failed. Revision 'sendstickeremail-00002-yot' is not ready and cannot serve traffic. The user-provided container failed to start and listen on the port defined provided by the PORT=8080 environment variable within the allocated timeout. This can happen when the container port is misconfigured or if the timeout is too short. The health check timeout can be extended. Logs for this revision might contain more information.

Logs URL: https://console.cloud.google.com/logs/viewer?project=motherland-coffee&resource=cloud_run_revision/service_name/sendstickeremail/revision_name/sendstickeremail-00002-yot&advancedFilter=resource.type%3D%22cloud_run_revision%22%0Aresource.labels.service_name%3D%22sendstickeremail%22%0Aresource.labels.revision_name%3D%22sendstickeremail-00002-yot%22 
For more troubleshooting guidance, see https://cloud.google.com/run/docs/troubleshooting#container-failed-to-start
[debug] [2025-08-12T11:08:41.341Z] Total Function Deployment time: 77635
[debug] [2025-08-12T11:08:41.341Z] 1 Functions Deployed
[debug] [2025-08-12T11:08:41.341Z] 1 Functions Errored
[debug] [2025-08-12T11:08:41.341Z] 0 Function Deployments Aborted
[debug] [2025-08-12T11:08:41.341Z] Average Function Deployment time: 77634
[info] 
[info] Functions deploy had errors with the following functions:
	sendStickerEmail(us-central1)
[debug] [2025-08-12T11:08:41.739Z] Checked if tokens are valid: true, expires at: 1755000184752
[debug] [2025-08-12T11:08:41.739Z] Checked if tokens are valid: true, expires at: 1755000184752
[debug] [2025-08-12T11:08:41.739Z] >>> [apiv2][query] GET https://artifactregistry.googleapis.com/v1/projects/motherland-coffee/locations/us-central1/repositories/gcf-artifacts [none]
[debug] [2025-08-12T11:08:43.004Z] <<< [apiv2][status] GET https://artifactregistry.googleapis.com/v1/projects/motherland-coffee/locations/us-central1/repositories/gcf-artifacts 200
[debug] [2025-08-12T11:08:43.004Z] <<< [apiv2][body] GET https://artifactregistry.googleapis.com/v1/projects/motherland-coffee/locations/us-central1/repositories/gcf-artifacts {"name":"projects/motherland-coffee/locations/us-central1/repositories/gcf-artifacts","format":"DOCKER","description":"This repository is created and used by Cloud Functions for storing function docker images.","labels":{"goog-managed-by":"cloudfunctions"},"createTime":"2025-08-09T18:27:27.491251Z","updateTime":"2025-08-12T11:08:14.533951Z","mode":"STANDARD_REPOSITORY","cleanupPolicies":{"firebase-functions-cleanup":{"id":"firebase-functions-cleanup","action":"DELETE","condition":{"tagState":"ANY","olderThan":"86400s"}}},"sizeBytes":"92401261","vulnerabilityScanningConfig":{"lastEnableTime":"2025-08-09T18:27:17.093023089Z","enablementState":"SCANNING_DISABLED","enablementStateReason":"API containerscanning.googleapis.com is not enabled."},"satisfiesPzi":true,"registryUri":"us-central1-docker.pkg.dev/motherland-coffee/gcf-artifacts"}
[debug] [2025-08-12T11:08:43.004Z] Functions deploy failed.
[debug] [2025-08-12T11:08:43.004Z] {
  "endpoint": {
    "id": "sendStickerEmail",
    "project": "motherland-coffee",
    "region": "us-central1",
    "entryPoint": "sendStickerEmail",
    "platform": "gcfv2",
    "runtime": "nodejs18",
    "callableTrigger": {},
    "labels": {
      "deployment-tool": "cli-firebase"
    },
    "serviceAccount": null,
    "ingressSettings": null,
    "availableMemoryMb": null,
    "timeoutSeconds": null,
    "maxInstances": null,
    "minInstances": null,
    "concurrency": 80,
    "vpc": null,
    "environmentVariables": {
      "FIREBASE_CONFIG": "{\"projectId\":\"motherland-coffee\",\"storageBucket\":\"motherland-coffee.firebasestorage.app\"}",
      "GCLOUD_PROJECT": "motherland-coffee",
      "EVENTARC_CLOUD_EVENT_SOURCE": "projects/motherland-coffee/locations/us-central1/services/sendStickerEmail",
      "FUNCTION_TARGET": "sendStickerEmail",
      "LOG_EXECUTION_ID": "true"
    },
    "codebase": "default",
    "runServiceId": "sendstickeremail",
    "cpu": 1,
    "securityLevel": "SECURE_ALWAYS",
    "targetedByOnly": false,
    "hash": "22ac20760bf8507688dba4f27454b158983b4944"
  },
  "op": "update",
  "original": {
    "name": "FirebaseError",
    "children": [],
    "exit": 1,
    "message": "Could not create or update Cloud Run service sendstickeremail, Container Healthcheck failed. Revision 'sendstickeremail-00002-yot' is not ready and cannot serve traffic. The user-provided container failed to start and listen on the port defined provided by the PORT=8080 environment variable within the allocated timeout. This can happen when the container port is misconfigured or if the timeout is too short. The health check timeout can be extended. Logs for this revision might contain more information.\n\nLogs URL: https://console.cloud.google.com/logs/viewer?project=motherland-coffee&resource=cloud_run_revision/service_name/sendstickeremail/revision_name/sendstickeremail-00002-yot&advancedFilter=resource.type%3D%22cloud_run_revision%22%0Aresource.labels.service_name%3D%22sendstickeremail%22%0Aresource.labels.revision_name%3D%22sendstickeremail-00002-yot%22 \nFor more troubleshooting guidance, see https://cloud.google.com/run/docs/troubleshooting#container-failed-to-start",
    "original": {
      "code": 3,
      "message": "Could not create or update Cloud Run service sendstickeremail, Container Healthcheck failed. Revision 'sendstickeremail-00002-yot' is not ready and cannot serve traffic. The user-provided container failed to start and listen on the port defined provided by the PORT=8080 environment variable within the allocated timeout. This can happen when the container port is misconfigured or if the timeout is too short. The health check timeout can be extended. Logs for this revision might contain more information.\n\nLogs URL: https://console.cloud.google.com/logs/viewer?project=motherland-coffee&resource=cloud_run_revision/service_name/sendstickeremail/revision_name/sendstickeremail-00002-yot&advancedFilter=resource.type%3D%22cloud_run_revision%22%0Aresource.labels.service_name%3D%22sendstickeremail%22%0Aresource.labels.revision_name%3D%22sendstickeremail-00002-yot%22 \nFor more troubleshooting guidance, see https://cloud.google.com/run/docs/troubleshooting#container-failed-to-start"
    },
    "status": 3,
    "code": 3
  }
}
[debug] [2025-08-12T11:08:43.180Z] Error: Failed to update function sendStickerEmail in region us-central1
    at C:\Users\Mdpma\AppData\Roaming\npm\node_modules\firebase-tools\lib\deploy\functions\release\fabricator.js:399:19
    at process.processTicksAndRejections (node:internal/process/task_queues:95:5)
    at async Fabricator.updateV2Function (C:\Users\Mdpma\AppData\Roaming\npm\node_modules\firebase-tools\lib\deploy\functions\release\fabricator.js:388:32)
    at async Fabricator.updateEndpoint (C:\Users\Mdpma\AppData\Roaming\npm\node_modules\firebase-tools\lib\deploy\functions\release\fabricator.js:155:13)
    at async handle (C:\Users\Mdpma\AppData\Roaming\npm\node_modules\firebase-tools\lib\deploy\functions\release\fabricator.js:89:17)
[error] 
[error] Error: There was an error deploying functions
